This is pdfTeX, Version 3.141592653-2.6-1.40.25 (MiKTeX 24.1) (preloaded format=pdflatex 2025.4.3)  28 APR 2025 11:21
entering extended mode
 restricted \write18 enabled.
 file:line:error style messages enabled.
 %&-line parsing enabled.
**"c:/Users/Nathaniel Eulin/Documents/Matrix Representation for the Verification of Weak and Easy Soundness of RDLT/source/thesis.tex"
(c:/Users/Nathaniel Eulin/Documents/Matrix Representation for the Verification of Weak and Easy Soundness of RDLT/source/thesis.tex
LaTeX2e <2023-11-01> patch level 1
L3 programming layer <2024-01-04>
(C:\Users\Nathaniel Eulin\AppData\Local\Programs\MiKTeX\tex/latex/base\report.cls
Document Class: report 2023/05/17 v1.4n Standard LaTeX document class
(C:\Users\Nathaniel Eulin\AppData\Local\Programs\MiKTeX\tex/latex/base\size12.clo
File: size12.clo 2023/05/17 v1.4n Standard LaTeX file (size option)
)
\c@part=\count187
\c@chapter=\count188
\c@section=\count189
\c@subsection=\count190
\c@subsubsection=\count191
\c@paragraph=\count192
\c@subparagraph=\count193
\c@figure=\count194
\c@table=\count195
\abovecaptionskip=\skip48
\belowcaptionskip=\skip49
\bibindent=\dimen140
) (C:\Users\Nathaniel Eulin\AppData\Local\Programs\MiKTeX\tex/latex/amsmath\amsmath.sty
Package: amsmath 2023/05/13 v2.17o AMS math features
\@mathmargin=\skip50

For additional information on amsmath, use the `?' option.
(C:\Users\Nathaniel Eulin\AppData\Local\Programs\MiKTeX\tex/latex/amsmath\amstext.sty
Package: amstext 2021/08/26 v2.01 AMS text
 (C:\Users\Nathaniel Eulin\AppData\Local\Programs\MiKTeX\tex/latex/amsmath\amsgen.sty
File: amsgen.sty 1999/11/30 v2.0 generic functions
\@emptytoks=\toks17
\ex@=\dimen141
)) (C:\Users\Nathaniel Eulin\AppData\Local\Programs\MiKTeX\tex/latex/amsmath\amsbsy.sty
Package: amsbsy 1999/11/29 v1.2d Bold Symbols
\pmbraise@=\dimen142
) (C:\Users\Nathaniel Eulin\AppData\Local\Programs\MiKTeX\tex/latex/amsmath\amsopn.sty
Package: amsopn 2022/04/08 v2.04 operator names
)
\inf@bad=\count196
LaTeX Info: Redefining \frac on input line 234.
\uproot@=\count197
\leftroot@=\count198
LaTeX Info: Redefining \overline on input line 399.
LaTeX Info: Redefining \colon on input line 410.
\classnum@=\count199
\DOTSCASE@=\count266
LaTeX Info: Redefining \ldots on input line 496.
LaTeX Info: Redefining \dots on input line 499.
LaTeX Info: Redefining \cdots on input line 620.
\Mathstrutbox@=\box51
\strutbox@=\box52
LaTeX Info: Redefining \big on input line 722.
LaTeX Info: Redefining \Big on input line 723.
LaTeX Info: Redefining \bigg on input line 724.
LaTeX Info: Redefining \Bigg on input line 725.
\big@size=\dimen143
LaTeX Font Info:    Redeclaring font encoding OML on input line 743.
LaTeX Font Info:    Redeclaring font encoding OMS on input line 744.
\macc@depth=\count267
LaTeX Info: Redefining \bmod on input line 905.
LaTeX Info: Redefining \pmod on input line 910.
LaTeX Info: Redefining \smash on input line 940.
LaTeX Info: Redefining \relbar on input line 970.
LaTeX Info: Redefining \Relbar on input line 971.
\c@MaxMatrixCols=\count268
\dotsspace@=\muskip16
\c@parentequation=\count269
\dspbrk@lvl=\count270
\tag@help=\toks18
\row@=\count271
\column@=\count272
\maxfields@=\count273
\andhelp@=\toks19
\eqnshift@=\dimen144
\alignsep@=\dimen145
\tagshift@=\dimen146
\tagwidth@=\dimen147
\totwidth@=\dimen148
\lineht@=\dimen149
\@envbody=\toks20
\multlinegap=\skip51
\multlinetaggap=\skip52
\mathdisplay@stack=\toks21
LaTeX Info: Redefining \[ on input line 2953.
LaTeX Info: Redefining \] on input line 2954.
) (C:\Users\Nathaniel Eulin\AppData\Local\Programs\MiKTeX\tex/latex/amsfonts\amsfonts.sty
Package: amsfonts 2013/01/14 v3.01 Basic AMSFonts support
\symAMSa=\mathgroup4
\symAMSb=\mathgroup5
LaTeX Font Info:    Redeclaring math symbol \hbar on input line 98.
LaTeX Font Info:    Overwriting math alphabet `\mathfrak' in version `bold'
(Font)                  U/euf/m/n --> U/euf/b/n on input line 106.
) (C:\Users\Nathaniel Eulin\AppData\Local\Programs\MiKTeX\tex/latex/amsfonts\amssymb.sty
Package: amssymb 2013/01/14 v3.01 AMS font symbols
) (C:\Users\Nathaniel Eulin\AppData\Local\Programs\MiKTeX\tex/latex/amscls\amsthm.sty
Package: amsthm 2020/05/29 v2.20.6
\thm@style=\toks22
\thm@bodyfont=\toks23
\thm@headfont=\toks24
\thm@notefont=\toks25
\thm@headpunct=\toks26
\thm@preskip=\skip53
\thm@postskip=\skip54
\thm@headsep=\skip55
\dth@everypar=\toks27
) (C:\Users\Nathaniel Eulin\AppData\Local\Programs\MiKTeX\tex/latex/base\newlfont.sty
Package: newlfont 1998/08/17 v2.2m Standard LaTeX package
LaTeX Info: Redefining \em on input line 57.
 (C:\Users\Nathaniel Eulin\AppData\Local\Programs\MiKTeX\tex/latex/base\latexsym.sty
Package: latexsym 1998/08/17 v2.2e Standard LaTeX package (lasy symbols)
\symlasy=\mathgroup6
LaTeX Font Info:    Overwriting symbol font `lasy' in version `bold'
(Font)                  U/lasy/m/n --> U/lasy/b/n on input line 52.
)) (C:\Users\Nathaniel Eulin\AppData\Local\Programs\MiKTeX\tex/latex/graphics\epsfig.sty
Package: epsfig 2017/06/25 v1.7b (e)psfig emulation (SPQR)
 (C:\Users\Nathaniel Eulin\AppData\Local\Programs\MiKTeX\tex/latex/graphics\graphicx.sty
Package: graphicx 2021/09/16 v1.2d Enhanced LaTeX Graphics (DPC,SPQR)
 (C:\Users\Nathaniel Eulin\AppData\Local\Programs\MiKTeX\tex/latex/graphics\keyval.sty
Package: keyval 2022/05/29 v1.15 key=value parser (DPC)
\KV@toks@=\toks28
) (C:\Users\Nathaniel Eulin\AppData\Local\Programs\MiKTeX\tex/latex/graphics\graphics.sty
Package: graphics 2022/03/10 v1.4e Standard LaTeX Graphics (DPC,SPQR)
 (C:\Users\Nathaniel Eulin\AppData\Local\Programs\MiKTeX\tex/latex/graphics\trig.sty
Package: trig 2021/08/11 v1.11 sin cos tan (DPC)
) (C:\Users\Nathaniel Eulin\AppData\Local\Programs\MiKTeX\tex/latex/graphics-cfg\graphics.cfg
File: graphics.cfg 2016/06/04 v1.11 sample graphics configuration
)
Package graphics Info: Driver file: pdftex.def on input line 107.
 (C:\Users\Nathaniel Eulin\AppData\Local\Programs\MiKTeX\tex/latex/graphics-def\pdftex.def
File: pdftex.def 2022/09/22 v1.2b Graphics/color driver for pdftex
))
\Gin@req@height=\dimen150
\Gin@req@width=\dimen151
)
\epsfxsize=\dimen152
\epsfysize=\dimen153
) (UPCSTHESIS.sty
Document Style Option `upcsthesis'.
) (UPCSINC1.sty
\tclineskip=\skip56
) (LTX.sty
Package: LTX 1998/03/09 v0.1 forward/backward DVI searching
\PAGETOP=\count274
\LASTLINE=\count275
\INPSP=\count276
) (C:\Users\Nathaniel Eulin\AppData\Local\Programs\MiKTeX\tex/latex/subfigure\subfigure.sty
Package: subfigure 2002/07/30 v2.1.4 subfigure package
\subfigtopskip=\skip57
\subfigcapskip=\skip58
\subfigcaptopadj=\dimen154
\subfigbottomskip=\skip59
\subfigcapmargin=\dimen155
\subfiglabelskip=\skip60
\c@subfigure=\count277
\c@lofdepth=\count278
\c@subtable=\count279
\c@lotdepth=\count280

****************************************
* Local config file subfigure.cfg used *
****************************************
(C:\Users\Nathaniel Eulin\AppData\Local\Programs\MiKTeX\tex/latex/subfigure\subfigure.cfg)
\subfig@top=\skip61
\subfig@bottom=\skip62
) (C:\Users\Nathaniel Eulin\AppData\Local\Programs\MiKTeX\tex/latex/listings\listings.sty
\lst@mode=\count281
\lst@gtempboxa=\box53
\lst@token=\toks29
\lst@length=\count282
\lst@currlwidth=\dimen156
\lst@column=\count283
\lst@pos=\count284
\lst@lostspace=\dimen157
\lst@width=\dimen158
\lst@newlines=\count285
\lst@lineno=\count286
\lst@maxwidth=\dimen159
 (C:\Users\Nathaniel Eulin\AppData\Local\Programs\MiKTeX\tex/latex/listings\lstmisc.sty
File: lstmisc.sty 2023/02/27 1.9 (Carsten Heinz)
\c@lstnumber=\count287
\lst@skipnumbers=\count288
\lst@framebox=\box54
) (C:\Users\Nathaniel Eulin\AppData\Local\Programs\MiKTeX\tex/latex/listings\listings.cfg
File: listings.cfg 2023/02/27 1.9 listings configuration
))
Package: listings 2023/02/27 1.9 (Carsten Heinz)
 (C:\Users\Nathaniel Eulin\AppData\Local\Programs\MiKTeX\tex/latex/tools\array.sty
Package: array 2023/10/16 v2.5g Tabular extension package (FMi)
\col@sep=\dimen160
\ar@mcellbox=\box55
\extrarowheight=\dimen161
\NC@list=\toks30
\extratabsurround=\skip63
\backup@length=\skip64
\ar@cellbox=\box56
) (C:\Users\Nathaniel Eulin\AppData\Local\Programs\MiKTeX\tex/latex/url\url.sty
\Urlmuskip=\muskip17
Package: url 2013/09/16  ver 3.4  Verb mode for urls, etc.
) (C:\Users\Nathaniel Eulin\AppData\Local\Programs\MiKTeX\tex/latex/graphics\lscape.sty
Package: lscape 2020/05/28 v3.02 Landscape Pages (DPC)
) (fancyhdr.sty
\fancy@headwidth=\skip65
\f@ncyO@elh=\skip66
\f@ncyO@erh=\skip67
\f@ncyO@olh=\skip68
\f@ncyO@orh=\skip69
\f@ncyO@elf=\skip70
\f@ncyO@erf=\skip71
\f@ncyO@olf=\skip72
\f@ncyO@orf=\skip73
)
\defbaselineskip=\skip74
\c@thm=\count289
\c@defn=\count290
\c@rem=\count291
 (C:\Users\Nathaniel Eulin\AppData\Local\Programs\MiKTeX\tex/latex/l3backend\l3backend-pdftex.def
File: l3backend-pdftex.def 2024-01-04 L3 backend support: PDF output (pdfTeX)
\l__color_backend_stack_int=\count292
\l__pdf_internal_box=\box57
)
No file thesis.aux.
\openout1 = `thesis.aux'.

LaTeX Font Info:    Checking defaults for OML/cmm/m/it on input line 94.
LaTeX Font Info:    ... okay on input line 94.
LaTeX Font Info:    Checking defaults for OMS/cmsy/m/n on input line 94.
LaTeX Font Info:    ... okay on input line 94.
LaTeX Font Info:    Checking defaults for OT1/cmr/m/n on input line 94.
LaTeX Font Info:    ... okay on input line 94.
LaTeX Font Info:    Checking defaults for T1/cmr/m/n on input line 94.
LaTeX Font Info:    ... okay on input line 94.
LaTeX Font Info:    Checking defaults for TS1/cmr/m/n on input line 94.
LaTeX Font Info:    ... okay on input line 94.
LaTeX Font Info:    Checking defaults for OMX/cmex/m/n on input line 94.
LaTeX Font Info:    ... okay on input line 94.
LaTeX Font Info:    Checking defaults for U/cmr/m/n on input line 94.
LaTeX Font Info:    ... okay on input line 94.
(C:\Users\Nathaniel Eulin\AppData\Local\Programs\MiKTeX\tex/context/base/mkii\supp-pdf.mkii
[Loading MPS to PDF converter (version 2006.09.02).]
\scratchcounter=\count293
\scratchdimen=\dimen162
\scratchbox=\box58
\nofMPsegments=\count294
\nofMParguments=\count295
\everyMPshowfont=\toks31
\MPscratchCnt=\count296
\MPscratchDim=\dimen163
\MPnumerator=\count297
\makeMPintoPDFobject=\count298
\everyMPtoPDFconversion=\toks32
) (C:\Users\Nathaniel Eulin\AppData\Local\Programs\MiKTeX\tex/latex/epstopdf-pkg\epstopdf-base.sty
Package: epstopdf-base 2020-01-24 v2.11 Base part for package epstopdf
Package epstopdf-base Info: Redefining graphics rule for `.eps' on input line 485.
 (C:\Users\Nathaniel Eulin\AppData\Local\Programs\MiKTeX\tex/latex/00miktex\epstopdf-sys.cfg
File: epstopdf-sys.cfg 2021/03/18 v2.0 Configuration of epstopdf for MiKTeX
))
\c@lstlisting=\count299

:?0000
Most over/underfulls in first few pages are the fault of upcsthesis.
Ignore all them. If uncorrectable errors occur, notify staff.
[1

{C:/Users/Nathaniel Eulin/AppData/Local/MiKTeX/fonts/map/pdftex/pdftex.map}]
Underfull \hbox (badness 10000) in paragraph at lines 126--126
\OT1/cmr/bx/n/12 FOR THE VER-I-FI-CA-TION OF WEAK AND EASY
 []


Underfull \hbox (badness 10000) in paragraph at lines 126--126
\OT1/cmr/bx/n/12 SOUND-NESS IN RO-BUST-NESS DI-A-GRAMS WITH
 []


Underfull \hbox (badness 1635) in paragraph at lines 126--126
\OT1/cmr/bx/n/12 LOOPS AND TIME CON-TROLS)\OT1/cmr/m/n/12 '', pre-pared and sub-mit-ted
 []


Underfull \hbox (badness 10000) in paragraph at lines 126--126
\OT1/cmr/m/n/12 by [], in
 []


Underfull \hbox (badness 10000) in paragraph at lines 126--126
\OT1/cmr/m/n/12 par-tial ful-fill-ment of the re-quire-ments for the de-gree of
 []


Underfull \hbox (badness 10000) in paragraph at lines 126--126
[] \OT1/cmr/m/n/12 is
 []


Underfull \hbox (badness 10000) in paragraph at lines 126--126

 []


Underfull \hbox (badness 10000) in paragraph at lines 126--126

 []


Underfull \hbox (badness 10000) in paragraph at lines 126--126

 []


Underfull \hbox (badness 10000) in paragraph at lines 126--126

 []


Underfull \hbox (badness 10000) in paragraph at lines 126--126

 []


Underfull \hbox (badness 10000) in paragraph at lines 126--126

 []


Package Fancyhdr Warning: \headheight is too small (12.0pt): 
 Make it at least 14.49998pt.
 We now make it that large for the rest of the document.
 This may cause the page layout to be inconsistent, however.

[2] [3]
:?1111
Acknowledgements
Abstract
\c@ztocpageA=\count300
\c@ztocpageB=\count301
\@defbaselineskip=\skip75
No file thesis.toc.
\tf@toc=\write3
\openout3 = `thesis.toc'.

[3

]
No file thesis.lot.
\tf@lot=\write4
\openout4 = `thesis.lot'.

[4

]
No file thesis.lof.
\tf@lof=\write5
\openout5 = `thesis.lof'.

[5

]
UP CS thesis preface pages completed.
:<+ chapter1-revised.tex
\openout2 = `chapter1-revised.aux'.

(chapter1-revised.tex
Chapter 1.

LaTeX Warning: Citation `hollingsworth' on page 1 undefined on input line 5.


LaTeX Warning: Citation `Aalst1996' on page 1 undefined on input line 5.


LaTeX Warning: Citation `Malinao2017' on page 1 undefined on input line 5.

<../figures/Workflow Dimensions.png, id=23, 320.69812pt x 247.67531pt>
File: ../figures/Workflow Dimensions.png Graphic file (type png)
<use ../figures/Workflow Dimensions.png>
Package pdftex.def Info: ../figures/Workflow Dimensions.png  used on input line 9.
(pdftex.def)             Requested size: 227.62204pt x 175.79778pt.

LaTeX Warning: Citation `Malinao2017' on page 1 undefined on input line 10.

chapter1-revised.tex:12: Too many }'s.
\color@endbox ->\color@endgroup \egroup 
                                        
l.12 \end{figure}
                 
You've closed more groups than you opened.
Such booboos are generally harmless, so keep going.


chapter1-revised.tex:12: LaTeX Error: \begin{document} ended by \end{figure}.

See the LaTeX manual or LaTeX Companion for explanation.
Type  H <return>  for immediate help.
 ...                                              
                                                  
l.12 \end{figure}
                 
Your command was ignored.
Type  I <command> <return>  to replace it with another command,
or  <return>  to continue without it.

chapter1-revised.tex:12: Extra \endgroup.
<recently read> \endgroup 
                          
l.12 \end{figure}
                 
Things are pretty mixed up, but I think the worst is over.


LaTeX Warning: Citation `Ramirez2024' on page 1 undefined on input line 14.


LaTeX Warning: Citation `Malinao2017' on page 1 undefined on input line 14.


Underfull \hbox (badness 10000) in paragraph at lines 14--15

 []


LaTeX Warning: Citation `Malinao2017' on page 1 undefined on input line 16.


Underfull \hbox (badness 10000) in paragraph at lines 16--17

 []

[1


]

LaTeX Warning: Citation `Aalst1996' on page 2 undefined on input line 18.


LaTeX Warning: Citation `MalinaoPJS2023' on page 2 undefined on input line 18.


LaTeX Warning: Citation `Ramirez2024' on page 2 undefined on input line 18.


Underfull \hbox (badness 10000) in paragraph at lines 18--19

 []


LaTeX Warning: Citation `KarenRoben2018' on page 2 undefined on input line 20.


LaTeX Warning: Citation `Asoy2024' on page 2 undefined on input line 20.


LaTeX Warning: Citation `Ramirez2024' on page 2 undefined on input line 20.


Underfull \hbox (badness 10000) in paragraph at lines 20--21

 []

[2]

LaTeX Warning: Reference `sec: BasicDefNot' on page 3 undefined on input line 22.


LaTeX Warning: Reference `ActivityExtraction' on page 3 undefined on input line 22.


LaTeX Warning: Reference `vertexSimplification' on page 3 undefined on input line 22.


LaTeX Warning: Reference `EVSA' on page 3 undefined on input line 22.


LaTeX Warning: Reference `sec:ProbStmnt' on page 3 undefined on input line 22.


LaTeX Warning: Reference `sec:TCF' on page 3 undefined on input line 22.


LaTeX Warning: Reference `chap:RRL' on page 3 undefined on input line 22.


LaTeX Warning: Citation `Petri1962' on page 3 undefined on input line 29.


LaTeX Warning: Citation `Malinao2017' on page 3 undefined on input line 29.


Underfull \hbox (badness 10000) in paragraph at lines 29--30

 []

[3]

LaTeX Warning: Citation `Petri1962' on page 4 undefined on input line 32.


Underfull \hbox (badness 10000) in paragraph at lines 31--33

 []


LaTeX Warning: Citation `Malinao2017' on page 4 undefined on input line 34.


LaTeX Warning: Citation `MalinaoPJS2023' on page 4 undefined on input line 34.


LaTeX Warning: Citation `Aalst2011' on page 4 undefined on input line 34.


LaTeX Warning: Citation `Aalst1996' on page 4 undefined on input line 34.


LaTeX Warning: Citation `Aalst1996' on page 4 undefined on input line 37.


LaTeX Warning: Citation `MalinaoPJS2023' on page 4 undefined on input line 37.

LaTeX Font Info:    Trying to load font information for U+msa on input line 39.
(C:\Users\Nathaniel Eulin\AppData\Local\Programs\MiKTeX\tex/latex/amsfonts\umsa.fd
File: umsa.fd 2013/01/14 v3.01 AMS symbols A
)
LaTeX Font Info:    Trying to load font information for U+msb on input line 39.
 (C:\Users\Nathaniel Eulin\AppData\Local\Programs\MiKTeX\tex/latex/amsfonts\umsb.fd
File: umsb.fd 2013/01/14 v3.01 AMS symbols B
)
LaTeX Font Info:    Trying to load font information for U+lasy on input line 39.
 (C:\Users\Nathaniel Eulin\AppData\Local\Programs\MiKTeX\tex/latex/base\ulasy.fd
File: ulasy.fd 1998/08/17 v2.2e LaTeX symbol font definitions
)

LaTeX Warning: Reference `PNComponents' on page 4 undefined on input line 48.

<../figures/PN Components.png, id=36, 422.57875pt x 282.05376pt>
File: ../figures/PN Components.png Graphic file (type png)
<use ../figures/PN Components.png>
Package pdftex.def Info: ../figures/PN Components.png  used on input line 52.
(pdftex.def)             Requested size: 284.52756pt x 189.91325pt.
chapter1-revised.tex:55: Too many }'s.
\color@endbox ->\color@endgroup \egroup 
                                        
l.55 \end{figure}
                 
You've closed more groups than you opened.
Such booboos are generally harmless, so keep going.


chapter1-revised.tex:55: LaTeX Error: \begin{document} ended by \end{figure}.

See the LaTeX manual or LaTeX Companion for explanation.
Type  H <return>  for immediate help.
 ...                                              
                                                  
l.55 \end{figure}
                 
Your command was ignored.
Type  I <command> <return>  to replace it with another command,
or  <return>  to continue without it.

chapter1-revised.tex:55: Extra \endgroup.
<recently read> \endgroup 
                          
l.55 \end{figure}
                 
Things are pretty mixed up, but I think the worst is over.

[4]

LaTeX Warning: Citation `Malinao2017' on page 5 undefined on input line 60.


LaTeX Warning: Citation `Malinao2017' on page 5 undefined on input line 62.


LaTeX Warning: Reference `PNComponents' on page 5 undefined on input line 67.


LaTeX Warning: Citation `Malinao2017' on page 5 undefined on input line 70.


LaTeX Warning: Reference `PNComponents' on page 5 undefined on input line 78.


LaTeX Warning: Reference `SoundnessRelationships' on page 5 undefined on input line 81.

<../figures/Relationships between Soundness Notions.png, id=45, 483.8075pt x 202.7575pt>
File: ../figures/Relationships between Soundness Notions.png Graphic file (type png)
<use ../figures/Relationships between Soundness Notions.png>
Package pdftex.def Info: ../figures/Relationships between Soundness Notions.png  used on input line 85.
(pdftex.def)             Requested size: 369.88582pt x 155.02235pt.

LaTeX Warning: Citation `Aalst2011' on page 5 undefined on input line 86.


LaTeX Warning: Citation `Aalst2011' on page 5 undefined on input line 86.

chapter1-revised.tex:88: Too many }'s.
\color@endbox ->\color@endgroup \egroup 
                                        
l.88 \end{figure}
                 
You've closed more groups than you opened.
Such booboos are generally harmless, so keep going.


chapter1-revised.tex:88: LaTeX Error: \begin{document} ended by \end{figure}.

See the LaTeX manual or LaTeX Companion for explanation.
Type  H <return>  for immediate help.
 ...                                              
                                                  
l.88 \end{figure}
                 
Your command was ignored.
Type  I <command> <return>  to replace it with another command,
or  <return>  to continue without it.

chapter1-revised.tex:88: Extra \endgroup.
<recently read> \endgroup 
                          
l.88 \end{figure}
                 
Things are pretty mixed up, but I think the worst is over.


LaTeX Warning: Citation `Aalst2011' on page 5 undefined on input line 92.

[5]

LaTeX Warning: Citation `Malinao2017' on page 6 undefined on input line 101.


LaTeX Warning: Reference `PNComponents' on page 6 undefined on input line 101.


LaTeX Warning: Citation `Aalst2011' on page 6 undefined on input line 104.


LaTeX Warning: Reference `WNRelaxed' on page 6 undefined on input line 114.


LaTeX Warning: Reference `PNComponents' on page 6 undefined on input line 114.

<../figures/RelaxedSoundWFNet.png, id=49, 544.0325pt x 222.8325pt>
File: ../figures/RelaxedSoundWFNet.png Graphic file (type png)
<use ../figures/RelaxedSoundWFNet.png>
Package pdftex.def Info: ../figures/RelaxedSoundWFNet.png  used on input line 118.
(pdftex.def)             Requested size: 312.9803pt x 128.1991pt.

LaTeX Warning: Citation `Aalst2011' on page 6 undefined on input line 119.

chapter1-revised.tex:121: Too many }'s.
\color@endbox ->\color@endgroup \egroup 
                                        
l.121 \end{figure}
                  
You've closed more groups than you opened.
Such booboos are generally harmless, so keep going.


chapter1-revised.tex:121: LaTeX Error: \begin{document} ended by \end{figure}.

See the LaTeX manual or LaTeX Companion for explanation.
Type  H <return>  for immediate help.
 ...                                              
                                                  
l.121 \end{figure}
                  
Your command was ignored.
Type  I <command> <return>  to replace it with another command,
or  <return>  to continue without it.

chapter1-revised.tex:121: Extra \endgroup.
<recently read> \endgroup 
                          
l.121 \end{figure}
                  
Things are pretty mixed up, but I think the worst is over.


LaTeX Warning: Citation `Malinao2017' on page 6 undefined on input line 123.

[6]

LaTeX Warning: Reference `WeakSoundWFNet' on page 7 undefined on input line 131.

<../figures/WeakSoundWFNet.png, id=53, 372.39125pt x 171.64125pt>
File: ../figures/WeakSoundWFNet.png Graphic file (type png)
<use ../figures/WeakSoundWFNet.png>
Package pdftex.def Info: ../figures/WeakSoundWFNet.png  used on input line 135.
(pdftex.def)             Requested size: 227.62204pt x 104.91837pt.

LaTeX Warning: Citation `Aalst2011' on page 7 undefined on input line 136.

chapter1-revised.tex:138: Too many }'s.
\color@endbox ->\color@endgroup \egroup 
                                        
l.138 \end{figure}
                  
You've closed more groups than you opened.
Such booboos are generally harmless, so keep going.


chapter1-revised.tex:138: LaTeX Error: \begin{document} ended by \end{figure}.

See the LaTeX manual or LaTeX Companion for explanation.
Type  H <return>  for immediate help.
 ...                                              
                                                  
l.138 \end{figure}
                  
Your command was ignored.
Type  I <command> <return>  to replace it with another command,
or  <return>  to continue without it.

chapter1-revised.tex:138: Extra \endgroup.
<recently read> \endgroup 
                          
l.138 \end{figure}
                  
Things are pretty mixed up, but I think the worst is over.


LaTeX Warning: Citation `Malinao2017' on page 7 undefined on input line 141.


LaTeX Warning: Reference `WNEasy' on page 7 undefined on input line 148.

<../figures/EasySoundWFNet.png, id=54, 372.39125pt x 172.645pt>
File: ../figures/EasySoundWFNet.png Graphic file (type png)
<use ../figures/EasySoundWFNet.png>
Package pdftex.def Info: ../figures/EasySoundWFNet.png  used on input line 152.
(pdftex.def)             Requested size: 227.62204pt x 105.53194pt.

LaTeX Warning: Citation `Aalst2011' on page 7 undefined on input line 153.

chapter1-revised.tex:155: Too many }'s.
\color@endbox ->\color@endgroup \egroup 
                                        
l.155 \end{figure}
                  
You've closed more groups than you opened.
Such booboos are generally harmless, so keep going.


chapter1-revised.tex:155: LaTeX Error: \begin{document} ended by \end{figure}.

See the LaTeX manual or LaTeX Companion for explanation.
Type  H <return>  for immediate help.
 ...                                              
                                                  
l.155 \end{figure}
                  
Your command was ignored.
Type  I <command> <return>  to replace it with another command,
or  <return>  to continue without it.

chapter1-revised.tex:155: Extra \endgroup.
<recently read> \endgroup 
                          
l.155 \end{figure}
                  
Things are pretty mixed up, but I think the worst is over.


LaTeX Warning: Reference `SoundnessReqs' on page 7 undefined on input line 158.


LaTeX Warning: Citation `Ramirez2024' on page 7 undefined on input line 158.


LaTeX Warning: Citation `Malinao2017' on page 7 undefined on input line 202.

[7]
LaTeX Font Info:    Trying to load font information for OMS+cmr on input line 206.
 (C:\Users\Nathaniel Eulin\AppData\Local\Programs\MiKTeX\tex/latex/base\omscmr.fd
File: omscmr.fd 2023/04/13 v2.5m Standard LaTeX font definitions
)
LaTeX Font Info:    Font shape `OMS/cmr/m/n' in size <12> not available
(Font)              Font shape `OMS/cmsy/m/n' tried instead on input line 206.

Underfull \hbox (badness 10000) in paragraph at lines 218--219

 []


LaTeX Warning: Reference `sampleRDLT' on page 8 undefined on input line 224.


LaTeX Warning: Reference `RDLTDef' on page 8 undefined on input line 224.

<../figures/sampleRDLTmain.png, id=59, 335.2525pt x 335.2525pt>
File: ../figures/sampleRDLTmain.png Graphic file (type png)
<use ../figures/sampleRDLTmain.png>
Package pdftex.def Info: ../figures/sampleRDLTmain.png  used on input line 228.
(pdftex.def)             Requested size: 335.25168pt x 335.25168pt.

LaTeX Warning: Citation `MalinaoWCTP2023' on page 8 undefined on input line 229.


LaTeX Warning: Citation `MalinaoWCTP2023' on page 8 undefined on input line 229.

[8]
chapter1-revised.tex:231: Too many }'s.
\color@endbox ->\color@endgroup \egroup 
                                        
l.231 \end{figure}
                  
You've closed more groups than you opened.
Such booboos are generally harmless, so keep going.


chapter1-revised.tex:231: LaTeX Error: \begin{document} ended by \end{figure}.

See the LaTeX manual or LaTeX Companion for explanation.
Type  H <return>  for immediate help.
 ...                                              
                                                  
l.231 \end{figure}
                  
Your command was ignored.
Type  I <command> <return>  to replace it with another command,
or  <return>  to continue without it.

chapter1-revised.tex:231: Extra \endgroup.
<recently read> \endgroup 
                          
l.231 \end{figure}
                  
Things are pretty mixed up, but I think the worst is over.


LaTeX Warning: Reference `ActivityExtraction' on page 9 undefined on input line 243.


LaTeX Warning: Citation `Malinao2017' on page 9 undefined on input line 243.


LaTeX Warning: Reference `ActivityExtraction' on page 9 undefined on input line 243.


LaTeX Warning: Reference `activityProfile' on page 9 undefined on input line 243.


LaTeX Warning: Reference `ActivityExtraction' on page 9 undefined on input line 243.


LaTeX Warning: Reference `reachabilityConfiguration' on page 9 undefined on input line 243.


LaTeX Warning: Reference `ActivityExtraction' on page 9 undefined on input line 243.


LaTeX Warning: Reference `ActivityExtraction' on page 9 undefined on input line 248.


LaTeX Warning: Reference `alg:Check' on page 9 undefined on input line 248.


LaTeX Warning: Reference `alg:Check' on page 9 undefined on input line 248.


LaTeX Warning: Reference `unconstrainedarc' on page 9 undefined on input line 249.

[9]

LaTeX Warning: Citation `Malinao2017' on page 10 undefined on input line 255.


LaTeX Warning: Citation `Malinao2017' on page 10 undefined on input line 263.


Underfull \hbox (badness 10000) in paragraph at lines 266--267

 []


LaTeX Warning: Reference `sampleRDLT' on page 10 undefined on input line 268.


LaTeX Warning: Reference `sampleRDLT' on page 10 undefined on input line 275.

[10]

LaTeX Warning: Citation `Malinao2017' on page 11 undefined on input line 279.


LaTeX Warning: Citation `Malinao2017' on page 11 undefined on input line 293.

[11]

LaTeX Warning: Reference `vertexSimplification' on page 12 undefined on input line 310.


LaTeX Warning: Reference `sampleRDLT' on page 12 undefined on input line 310.


LaTeX Warning: Citation `Malinao2017' on page 12 undefined on input line 312.


Overfull \hbox (7.59433pt too wide) in paragraph at lines 316--318
[]$[]\OML/cmm/m/it/12 E\OMS/cmsy/m/n/12 ^^C$ $\OT1/cmr/m/n/12 =$ $[]\OML/cmm/m/it/12 E[] [][][][]\OT1/cmr/m/n/12 (\OML/cmm/m/it/12 z; x[]\OT1/cmr/m/n/12 )[][][] [][][][](\OML/cmm/m/it/12 x[]; z\OT1/cmr/m/n/12 )[][][][]\OMS/cmsy/m/n/12 n[] 
 []


LaTeX Warning: Citation `Malinao2017' on page 12 undefined on input line 324.


Underfull \hbox (badness 10000) in paragraph at lines 324--326

 []

[12]

LaTeX Warning: Citation `Malinao2017' on page 13 undefined on input line 334.


LaTeX Warning: Citation `MalinaoWCTP2023' on page 13 undefined on input line 338.


LaTeX Warning: Citation `Roca2024' on page 13 undefined on input line 340.


LaTeX Warning: Reference `sampleRDLT' on page 13 undefined on input line 346.


LaTeX Warning: Reference `vertexSimplification' on page 13 undefined on input line 346.

<../figures/vertexSimplification.png, id=80, 432.61626pt x 187.70125pt>
File: ../figures/vertexSimplification.png Graphic file (type png)
<use ../figures/vertexSimplification.png>
Package pdftex.def Info: ../figures/vertexSimplification.png  used on input line 349.
(pdftex.def)             Requested size: 432.6152pt x 187.70079pt.

LaTeX Warning: Reference `sampleRDLT' on page 13 undefined on input line 350.


LaTeX Warning: Citation `MalinaoWCTP2023' on page 13 undefined on input line 350.


LaTeX Warning: Reference `sampleRDLT' on page 13 undefined on input line 350.


LaTeX Warning: Citation `MalinaoWCTP2023' on page 13 undefined on input line 350.

chapter1-revised.tex:352: Too many }'s.
\color@endbox ->\color@endgroup \egroup 
                                        
l.352 \end{figure}
                  
You've closed more groups than you opened.
Such booboos are generally harmless, so keep going.


chapter1-revised.tex:352: LaTeX Error: \begin{document} ended by \end{figure}.

See the LaTeX manual or LaTeX Companion for explanation.
Type  H <return>  for immediate help.
 ...                                              
                                                  
l.352 \end{figure}
                  
Your command was ignored.
Type  I <command> <return>  to replace it with another command,
or  <return>  to continue without it.

chapter1-revised.tex:352: Extra \endgroup.
<recently read> \endgroup 
                          
l.352 \end{figure}
                  
Things are pretty mixed up, but I think the worst is over.

[13]

LaTeX Warning: Citation `MalinaoPJS2023' on page 14 undefined on input line 357.


LaTeX Warning: Citation `MalinaoPJS2023' on page 14 undefined on input line 358.


LaTeX Warning: Citation `MalinaoPJS2023' on page 14 undefined on input line 366.

[14]

LaTeX Warning: Citation `MalinaoPJS2023' on page 15 undefined on input line 380.


LaTeX Warning: Citation `MalinaoPJS2023' on page 15 undefined on input line 395.


LaTeX Warning: Reference `LSA' on page 15 undefined on input line 395.


LaTeX Warning: Reference `SafeCA' on page 15 undefined on input line 395.

[15]

LaTeX Warning: Citation `MalinaoPJS2023' on page 16 undefined on input line 397.


LaTeX Warning: Citation `MalinaoWCTP2023' on page 16 undefined on input line 418.


LaTeX Warning: Citation `MalinaoWCTP2023' on page 16 undefined on input line 418.

[16] [17]

LaTeX Warning: Citation `MalinaoWCTP2023' on page 18 undefined on input line 455.


LaTeX Warning: Reference `EVSA' on page 18 undefined on input line 455.

<../figures/expandedVertexSimplification.png, id=98, 430.60875pt x 206.7725pt>
File: ../figures/expandedVertexSimplification.png Graphic file (type png)
<use ../figures/expandedVertexSimplification.png>
Package pdftex.def Info: ../figures/expandedVertexSimplification.png  used on input line 459.
(pdftex.def)             Requested size: 430.60768pt x 206.77199pt.

LaTeX Warning: Reference `vertexSimplification' on page 18 undefined on input line 460.


LaTeX Warning: Reference `vertexSimplification' on page 18 undefined on input line 460.

chapter1-revised.tex:462: Too many }'s.
\color@endbox ->\color@endgroup \egroup 
                                        
l.462 \end{figure}
                  
You've closed more groups than you opened.
Such booboos are generally harmless, so keep going.


chapter1-revised.tex:462: LaTeX Error: \begin{document} ended by \end{figure}.

See the LaTeX manual or LaTeX Companion for explanation.
Type  H <return>  for immediate help.
 ...                                              
                                                  
l.462 \end{figure}
                  
Your command was ignored.
Type  I <command> <return>  to replace it with another command,
or  <return>  to continue without it.

chapter1-revised.tex:462: Extra \endgroup.
<recently read> \endgroup 
                          
l.462 \end{figure}
                  
Things are pretty mixed up, but I think the worst is over.


LaTeX Warning: Citation `Malinao2017' on page 18 undefined on input line 467.


LaTeX Warning: Citation `Ramirez2024' on page 18 undefined on input line 467.


LaTeX Warning: Citation `MalinaoPJS2023' on page 18 undefined on input line 468.

[18]

LaTeX Warning: Reference `sampleRDLT' on page 19 undefined on input line 481.


LaTeX Warning: Citation `Malinao2017' on page 19 undefined on input line 483.


LaTeX Warning: Citation `MalinaoPJS2023' on page 19 undefined on input line 483.


LaTeX Warning: Citation `Sulla2023' on page 19 undefined on input line 483.

[19]

LaTeX Warning: Citation `MalinaoPJS2023' on page 20 undefined on input line 507.


LaTeX Warning: Citation `KarenRoben2018' on page 20 undefined on input line 507.


LaTeX Warning: Citation `Asoy2024' on page 20 undefined on input line 507.


LaTeX Warning: Citation `Asoy2024' on page 20 undefined on input line 507.


LaTeX Warning: Citation `KarenRoben2018' on page 20 undefined on input line 507.


LaTeX Warning: Citation `Ramirez2024' on page 20 undefined on input line 507.

[20]

LaTeX Warning: Citation `Ramirez2024' on page 21 undefined on input line 518.


LaTeX Warning: Citation `MalinaoWCTP2023' on page 21 undefined on input line 525.


LaTeX Warning: Citation `Malinao2017' on page 21 undefined on input line 525.


LaTeX Warning: Citation `Ramirez2024' on page 21 undefined on input line 526.


LaTeX Warning: Citation `MalinaoPJS2023' on page 21 undefined on input line 526.


LaTeX Warning: Citation `Ramirez2024' on page 21 undefined on input line 527.


LaTeX Warning: Citation `Ramirez2024' on page 21 undefined on input line 528.


Overfull \hbox (8.24069pt too wide) in paragraph at lines 528--529
[]\OT1/cmr/m/n/12 To es-tab-lish ma-trix rep-re-sen-ta-tion and op-er-a-tions for the ver-i-fi-ca-tion of weakened-
 []

[21]

LaTeX Warning: Citation `MalinaoPJS2023' on page 22 undefined on input line 529.


LaTeX Warning: Citation `Ramirez2024' on page 22 undefined on input line 530.


LaTeX Warning: Citation `Ramirez2024' on page 22 undefined on input line 531.


LaTeX Warning: Citation `Ramirez2024' on page 22 undefined on input line 532.


LaTeX Warning: Citation `Ramirez2024' on page 22 undefined on input line 537.


LaTeX Warning: Citation `Ramirez2024' on page 22 undefined on input line 538.


LaTeX Warning: Citation `Ramirez2024' on page 22 undefined on input line 545.

[22]

LaTeX Warning: Citation `Malinao2017' on page 23 undefined on input line 546.


LaTeX Warning: Citation `MalinaoWCTP2023' on page 23 undefined on input line 546.


LaTeX Warning: Citation `Malinao2017' on page 23 undefined on input line 547.


LaTeX Warning: Citation `Ramirez2024' on page 23 undefined on input line 547.


LaTeX Warning: Citation `Ramirez2024' on page 23 undefined on input line 548.

[23]
Overfull \hbox (6.21294pt too wide) in paragraph at lines 557--558
[]\OT1/cmr/m/n/12 Introduce ef-fi-cient dead-lock de-tec-tion and res-o-lu-tion mech-a-nisms through matrix-
 []


LaTeX Warning: Citation `Malinao2017' on page 24 undefined on input line 565.


LaTeX Warning: Citation `Ramirez2024' on page 24 undefined on input line 565.


LaTeX Warning: Citation `Malinao2017' on page 24 undefined on input line 565.


LaTeX Warning: Citation `Asoy2024' on page 24 undefined on input line 565.


LaTeX Warning: Citation `KarenRoben2018' on page 24 undefined on input line 565.


LaTeX Warning: Citation `Malinao2017' on page 24 undefined on input line 565.


LaTeX Warning: Citation `Ramirez2024' on page 24 undefined on input line 565.


LaTeX Warning: Citation `Ramirez2024' on page 24 undefined on input line 565.


LaTeX Warning: Citation `MalinaoWCTP2023' on page 24 undefined on input line 565.


LaTeX Warning: Citation `Malinao2017' on page 24 undefined on input line 565.

[24]

LaTeX Warning: Citation `Malinao2017' on page 25 undefined on input line 567.


LaTeX Warning: Citation `Ramirez2024' on page 25 undefined on input line 567.


LaTeX Warning: Citation `Ramirez2024' on page 25 undefined on input line 567.


LaTeX Warning: Reference `conceptualFramework' on page 25 undefined on input line 569.

[25])
:<-
:<+ thesis.bbl
(thesis.bbl)
:<-
(thesis.aux (chapter1-revised.aux))
 ***********
LaTeX2e <2023-11-01> patch level 1
L3 programming layer <2024-01-04>
 ***********


LaTeX Warning: There were undefined references.


LaTeX Warning: Label(s) may have changed. Rerun to get cross-references right.

 ) 
Here is how much of TeX's memory you used:
 5045 strings out of 474486
 78094 string characters out of 5739000
 1944542 words of memory out of 5000000
 27261 multiletter control sequences out of 15000+600000
 568759 words of font info for 80 fonts, out of 8000000 for 9000
 1141 hyphenation exceptions out of 8191
 72i,17n,79p,1455b,449s stack positions out of 10000i,1000n,20000p,200000b,200000s
 <C:\Users\Nathaniel Eulin\AppData\Local\MiKTeX\fonts/pk/ljfour/jknappen/ec/dpi600\tcrm1200.pk><C:/Users/Nathaniel Eulin/AppData/Local/Programs/MiKTeX/fonts/type1/public/amsfonts/cm/cmbx12.pfb><C:/Users/Nathaniel Eulin/AppData/Local/Programs/MiKTeX/fonts/type1/public/amsfonts/cm/cmex10.pfb><C:/Users/Nathaniel Eulin/AppData/Local/Programs/MiKTeX/fonts/type1/public/amsfonts/cm/cmmi12.pfb><C:/Users/Nathaniel Eulin/AppData/Local/Programs/MiKTeX/fonts/type1/public/amsfonts/cm/cmmi6.pfb><C:/Users/Nathaniel Eulin/AppData/Local/Programs/MiKTeX/fonts/type1/public/amsfonts/cm/cmmi8.pfb><C:/Users/Nathaniel Eulin/AppData/Local/Programs/MiKTeX/fonts/type1/public/amsfonts/cm/cmr10.pfb><C:/Users/Nathaniel Eulin/AppData/Local/Programs/MiKTeX/fonts/type1/public/amsfonts/cm/cmr12.pfb><C:/Users/Nathaniel Eulin/AppData/Local/Programs/MiKTeX/fonts/type1/public/amsfonts/cm/cmr6.pfb><C:/Users/Nathaniel Eulin/AppData/Local/Programs/MiKTeX/fonts/type1/public/amsfonts/cm/cmr8.pfb><C:/Users/Nathaniel Eulin/AppData/Local/Programs/MiKTeX/fonts/type1/public/amsfonts/cm/cmsy10.pfb><C:/Users/Nathaniel Eulin/AppData/Local/Programs/MiKTeX/fonts/type1/public/amsfonts/cm/cmsy6.pfb><C:/Users/Nathaniel Eulin/AppData/Local/Programs/MiKTeX/fonts/type1/public/amsfonts/cm/cmsy8.pfb><C:/Users/Nathaniel Eulin/AppData/Local/Programs/MiKTeX/fonts/type1/public/amsfonts/cm/cmti12.pfb><C:/Users/Nathaniel Eulin/AppData/Local/Programs/MiKTeX/fonts/type1/public/amsfonts/symbols/msbm10.pfb>
Output written on thesis.pdf (31 pages, 262399 bytes).
PDF statistics:
 187 PDF objects out of 1000 (max. 8388607)
 0 named destinations out of 1000 (max. 500000)
 46 words of extra memory for PDF output out of 10000 (max. 10000000)

